WARNING: All log messages before absl::InitializeLog() is called are written to STDERR
I0000 00:00:1773569482.094033   49001 cpu_feature_guard.cc:210] This TensorFlow binary is optimized to use available CPU instructions in performance-critical operations.
To enable the following instructions: AVX2 AVX512F FMA, in other operations, rebuild TensorFlow with the appropriate compiler flags.
Skipping import of cpp extensions due to incompatible torch version 2.9.1+cu128 for torchao version 0.16.0             Please see https://github.com/pytorch/ao/issues/2919 for more info
/home/mghifary/miniforge3/envs/mgenv/lib/python3.11/site-packages/torch/distributed/distributed_c10d.py:351: UserWarning: Device capability of jax unspecified, assuming `cpu` and `cuda`. Please specify it via the `devices` argument of `register_backend`.
  warnings.warn(
Building model...
Converting model...
Failed: missing a required argument: 'kv_cache'
Traceback (most recent call last):
  File "/home/mghifary/edge-ai/litert/medgemma/convert_text_manual.py", line 94, in <module>
    edge_model = ai_edge_torch.convert(text_model, (tokens, input_pos))
                 ^^^^^^^^^^^^^^^^^^^^^^^^^^^^^^^^^^^^^^^^^^^^^^^^^^^^^^
  File "/home/mghifary/miniforge3/envs/mgenv/lib/python3.11/site-packages/litert_torch/_convert/converter.py", line 315, in convert
    return Converter().convert(
           ^^^^^^^^^^^^^^^^^^^^
  File "/home/mghifary/miniforge3/envs/mgenv/lib/python3.11/site-packages/litert_torch/_convert/converter.py", line 203, in convert
    converted_model = conversion.convert_signatures(
                      ^^^^^^^^^^^^^^^^^^^^^^^^^^^^^^
  File "/home/mghifary/miniforge3/envs/mgenv/lib/python3.11/site-packages/litert_torch/_convert/conversion.py", line 140, in convert_signatures
    exported_programs = [
                        ^
  File "/home/mghifary/miniforge3/envs/mgenv/lib/python3.11/site-packages/litert_torch/_convert/conversion.py", line 141, in <listcomp>
    export(
  File "/home/mghifary/miniforge3/envs/mgenv/lib/python3.11/site-packages/litert_torch/_convert/conversion.py", line 125, in export
    exported_program = torch.export.export(**kwargs, strict=False)
                       ^^^^^^^^^^^^^^^^^^^^^^^^^^^^^^^^^^^^^^^^^^^
  File "/home/mghifary/miniforge3/envs/mgenv/lib/python3.11/site-packages/torch/export/__init__.py", line 311, in export
    raise e
  File "/home/mghifary/miniforge3/envs/mgenv/lib/python3.11/site-packages/torch/export/__init__.py", line 277, in export
    return _export(
           ^^^^^^^^
  File "/home/mghifary/miniforge3/envs/mgenv/lib/python3.11/site-packages/torch/export/_trace.py", line 1163, in wrapper
    raise e
  File "/home/mghifary/miniforge3/envs/mgenv/lib/python3.11/site-packages/torch/export/_trace.py", line 1129, in wrapper
    ep = fn(*args, **kwargs)
         ^^^^^^^^^^^^^^^^^^^
  File "/home/mghifary/miniforge3/envs/mgenv/lib/python3.11/site-packages/torch/export/exported_program.py", line 124, in wrapper
    return fn(*args, **kwargs)
           ^^^^^^^^^^^^^^^^^^^
  File "/home/mghifary/miniforge3/envs/mgenv/lib/python3.11/site-packages/torch/export/_trace.py", line 2255, in _export
    ep = _export_for_training(
         ^^^^^^^^^^^^^^^^^^^^^
  File "/home/mghifary/miniforge3/envs/mgenv/lib/python3.11/site-packages/torch/export/_trace.py", line 1163, in wrapper
    raise e
  File "/home/mghifary/miniforge3/envs/mgenv/lib/python3.11/site-packages/torch/export/_trace.py", line 1129, in wrapper
    ep = fn(*args, **kwargs)
         ^^^^^^^^^^^^^^^^^^^
  File "/home/mghifary/miniforge3/envs/mgenv/lib/python3.11/site-packages/torch/export/exported_program.py", line 124, in wrapper
    return fn(*args, **kwargs)
           ^^^^^^^^^^^^^^^^^^^
  File "/home/mghifary/miniforge3/envs/mgenv/lib/python3.11/site-packages/torch/export/_trace.py", line 2071, in _export_for_training
    export_artifact = export_func(
                      ^^^^^^^^^^^^
  File "/home/mghifary/miniforge3/envs/mgenv/lib/python3.11/site-packages/torch/export/_trace.py", line 1957, in _non_strict_export
    ) = make_fake_inputs(
        ^^^^^^^^^^^^^^^^^
  File "/home/mghifary/miniforge3/envs/mgenv/lib/python3.11/site-packages/torch/_export/non_strict_utils.py", line 355, in make_fake_inputs
    combined_args = _combine_args(nn_module, args, kwargs)
                    ^^^^^^^^^^^^^^^^^^^^^^^^^^^^^^^^^^^^^^
  File "/home/mghifary/miniforge3/envs/mgenv/lib/python3.11/site-packages/torch/export/dynamic_shapes.py", line 702, in _combine_args
    return signature.bind(*args, **kwargs).arguments
           ^^^^^^^^^^^^^^^^^^^^^^^^^^^^^^^
  File "/home/mghifary/miniforge3/envs/mgenv/lib/python3.11/inspect.py", line 3195, in bind
    return self._bind(args, kwargs)
           ^^^^^^^^^^^^^^^^^^^^^^^^
  File "/home/mghifary/miniforge3/envs/mgenv/lib/python3.11/inspect.py", line 3110, in _bind
    raise TypeError(msg) from None
TypeError: missing a required argument: 'kv_cache'
